<?xml version="1.0" encoding="UTF-8"?>
<!-- Generated by org.testng.reporters.JUnitXMLReporter -->
<testsuite hostname="C02XG0BKJG5M" name="Surefire test" tests="2" failures="0" timestamp="12 Sep 2019 13:30:36 GMT" time="4.035" errors="0">
  <testcase name="whenSpringContextIsBootstrapped_thenNoExceptions on whenSpringContextIsBootstrapped_thenNoExceptions(com.hitachi.solutionpackage.automation.common.SpringContextTest)" time="0.033" classname="com.hitachi.solutionpackage.automation.common.SpringContextTest"/>
  <testcase name="whenSpringContextIsBootstrapped_thenNoExceptions on whenSpringContextIsBootstrapped_thenNoExceptions(com.hitachi.solutionpackage.automation.common.SpringContextIntegrationTest)" time="0.002" classname="com.hitachi.solutionpackage.automation.common.SpringContextIntegrationTest"/>
</testsuite> <!-- Surefire test -->
