<?xml version="1.0" encoding="UTF-8"?>
<testng-results skipped="0" failed="0" total="2" passed="2">
  <reporter-output>
  </reporter-output>
  <suite name="Surefire suite" duration-ms="4035" started-at="2019-09-12T13:30:32Z" finished-at="2019-09-12T13:30:36Z">
    <groups>
    </groups>
    <test name="Surefire test" duration-ms="4035" started-at="2019-09-12T13:30:32Z" finished-at="2019-09-12T13:30:36Z">
      <class name="com.hitachi.solutionpackage.automation.common.SpringContextTest">
        <test-method status="PASS" signature="whenSpringContextIsBootstrapped_thenNoExceptions()[pri:0, instance:whenSpringContextIsBootstrapped_thenNoExceptions(com.hitachi.solutionpackage.automation.common.SpringContextTest)]" name="whenSpringContextIsBootstrapped_thenNoExceptions" duration-ms="33" started-at="2019-09-12T19:00:36Z" finished-at="2019-09-12T19:00:36Z">
          <reporter-output>
          </reporter-output>
        </test-method> <!-- whenSpringContextIsBootstrapped_thenNoExceptions -->
      </class> <!-- com.hitachi.solutionpackage.automation.common.SpringContextTest -->
      <class name="com.hitachi.solutionpackage.automation.common.SpringContextIntegrationTest">
        <test-method status="PASS" signature="whenSpringContextIsBootstrapped_thenNoExceptions()[pri:0, instance:whenSpringContextIsBootstrapped_thenNoExceptions(com.hitachi.solutionpackage.automation.common.SpringContextIntegrationTest)]" name="whenSpringContextIsBootstrapped_thenNoExceptions" duration-ms="2" started-at="2019-09-12T19:00:36Z" finished-at="2019-09-12T19:00:36Z">
          <reporter-output>
          </reporter-output>
        </test-method> <!-- whenSpringContextIsBootstrapped_thenNoExceptions -->
      </class> <!-- com.hitachi.solutionpackage.automation.common.SpringContextIntegrationTest -->
    </test> <!-- Surefire test -->
  </suite> <!-- Surefire suite -->
</testng-results>
